<?xml version="1.0" encoding="UTF-8"?>
<!-- Generated by org.testng.reporters.JUnitReportReporter -->
<testsuite hostname="KEVINP0D37" failures="0" tests="1" name="com.swagger.testcases.PetTests" time="5.611" errors="0" timestamp="2022-09-12T21:33:55 IRKT" skipped="0">
  <testcase classname="com.swagger.testcases.PetTests" name="shouldBeAbleToFindPetStatus" time="5.611"/>
  <system-out/>
</testsuite> <!-- com.swagger.testcases.PetTests -->
